c:\users\chuyz\desktop\github\yoyoextensions\epic online services\vs_project\epiconlineservices\release\epiconlineservices.pch
c:\users\chuyz\desktop\github\yoyoextensions\epic online services\vs_project\epiconlineservices\release\vc142.pdb
c:\users\chuyz\desktop\github\yoyoextensions\epic online services\vs_project\epiconlineservices\release\pch.obj
c:\users\chuyz\desktop\github\yoyoextensions\epic online services\vs_project\epiconlineservices\release\printbuf.obj
c:\users\chuyz\desktop\github\yoyoextensions\epic online services\vs_project\epiconlineservices\release\linkhash.obj
c:\users\chuyz\desktop\github\yoyoextensions\epic online services\vs_project\epiconlineservices\release\json_util.obj
c:\users\chuyz\desktop\github\yoyoextensions\epic online services\vs_project\epiconlineservices\release\json_tokener.obj
c:\users\chuyz\desktop\github\yoyoextensions\epic online services\vs_project\epiconlineservices\release\json_object.obj
c:\users\chuyz\desktop\github\yoyoextensions\epic online services\vs_project\epiconlineservices\release\debug.obj
c:\users\chuyz\desktop\github\yoyoextensions\epic online services\vs_project\epiconlineservices\release\arraylist.obj
c:\users\chuyz\desktop\github\yoyoextensions\epic online services\vs_project\epiconlineservices\release\yyeos_sessions.obj
c:\users\chuyz\desktop\github\yoyoextensions\epic online services\vs_project\epiconlineservices\release\yyeos_sanctions.obj
c:\users\chuyz\desktop\github\yoyoextensions\epic online services\vs_project\epiconlineservices\release\yyeos_reports.obj
c:\users\chuyz\desktop\github\yoyoextensions\epic online services\vs_project\epiconlineservices\release\yyeos_playerdatastorage.obj
c:\users\chuyz\desktop\github\yoyoextensions\epic online services\vs_project\epiconlineservices\release\yyeos_platform.obj
c:\users\chuyz\desktop\github\yoyoextensions\epic online services\vs_project\epiconlineservices\release\yyeos_p2p.obj
c:\users\chuyz\desktop\github\yoyoextensions\epic online services\vs_project\epiconlineservices\release\yyeos_metrics.obj
c:\users\chuyz\desktop\github\yoyoextensions\epic online services\vs_project\epiconlineservices\release\yyeos_userinfo.obj
c:\users\chuyz\desktop\github\yoyoextensions\epic online services\vs_project\epiconlineservices\release\yyeos_ui.obj
c:\users\chuyz\desktop\github\yoyoextensions\epic online services\vs_project\epiconlineservices\release\yyeos_lobbies.obj
c:\users\chuyz\desktop\github\yoyoextensions\epic online services\vs_project\epiconlineservices\release\yyeos_leaderboards.obj
c:\users\chuyz\desktop\github\yoyoextensions\epic online services\vs_project\epiconlineservices\release\yyeos_connect.obj
c:\users\chuyz\desktop\github\yoyoextensions\epic online services\vs_project\epiconlineservices\release\yyeos_custominvites.obj
c:\users\chuyz\desktop\github\yoyoextensions\epic online services\vs_project\epiconlineservices\release\yyeos_achievements.obj
c:\users\chuyz\desktop\github\yoyoextensions\epic online services\vs_project\epiconlineservices\release\yyeos_auth.obj
c:\users\chuyz\desktop\github\yoyoextensions\epic online services\vs_project\epiconlineservices\release\yyeos_presence.obj
c:\users\chuyz\desktop\github\yoyoextensions\epic online services\vs_project\epiconlineservices\release\yyeos_progressionsnapshot.obj
c:\users\chuyz\desktop\github\yoyoextensions\epic online services\vs_project\epiconlineservices\release\yyeos_friends.obj
c:\users\chuyz\desktop\github\yoyoextensions\epic online services\vs_project\epiconlineservices\release\yyeos_exetest.obj
c:\users\chuyz\desktop\github\yoyoextensions\epic online services\vs_project\epiconlineservices\release\dllmain.obj
c:\users\chuyz\desktop\github\yoyoextensions\epic online services\vs_project\epiconlineservices\release\yyeos.obj
c:\users\chuyz\desktop\github\yoyoextensions\epic online services\vs_project\epiconlineservices\release\yyeos_titlestorage.obj
c:\users\chuyz\desktop\github\yoyoextensions\epic online services\vs_project\epiconlineservices\release\yyeos_stats.obj
c:\users\chuyz\desktop\github\yoyoextensions\epic online services\gm_project\epiconlineservices\extensions\epiconlineservices\epiconlineservices.lib
c:\users\chuyz\desktop\github\yoyoextensions\epic online services\gm_project\epiconlineservices\extensions\epiconlineservices\epiconlineservices.exp
c:\users\chuyz\desktop\github\yoyoextensions\epic online services\gm_project\epiconlineservices\extensions\epiconlineservices\epiconlineservices.dll
c:\users\chuyz\desktop\github\yoyoextensions\epic online services\vs_project\epiconlineservices\release\epiconlineservices.ipdb
c:\users\chuyz\desktop\github\yoyoextensions\epic online services\vs_project\epiconlineservices\release\epiconlineservices.iobj
c:\users\chuyz\desktop\github\yoyoextensions\epic online services\gm_project\epiconlineservices\extensions\epiconlineservices\epiconlineservices.pdb
c:\users\chuyz\desktop\github\yoyoextensions\epic online services\vs_project\epiconlineservices\release\epiconli.ea1107b8.tlog\cl.command.1.tlog
c:\users\chuyz\desktop\github\yoyoextensions\epic online services\vs_project\epiconlineservices\release\epiconli.ea1107b8.tlog\cl.read.1.tlog
c:\users\chuyz\desktop\github\yoyoextensions\epic online services\vs_project\epiconlineservices\release\epiconli.ea1107b8.tlog\cl.write.1.tlog
c:\users\chuyz\desktop\github\yoyoextensions\epic online services\vs_project\epiconlineservices\release\epiconli.ea1107b8.tlog\epiconlineservices.write.1u.tlog
c:\users\chuyz\desktop\github\yoyoextensions\epic online services\vs_project\epiconlineservices\release\epiconli.ea1107b8.tlog\link.command.1.tlog
c:\users\chuyz\desktop\github\yoyoextensions\epic online services\vs_project\epiconlineservices\release\epiconli.ea1107b8.tlog\link.read.1.tlog
c:\users\chuyz\desktop\github\yoyoextensions\epic online services\vs_project\epiconlineservices\release\epiconli.ea1107b8.tlog\link.write.1.tlog
