C:\Program Files (x86)\Microsoft Visual Studio\2019\Professional\MSBuild\Microsoft\VC\v160\Microsoft.CppBuild.targets(505,5): warning MSB8004: Output Directory does not end with a trailing slash.  This build instance will add the slash as it is required to allow proper evaluation of the Output Directory.
  pch.cpp
  arraylist.c
C:\Users\chuyz\Desktop\Github\YoYoExtensions\Epic Online Services\json-c-0.9\debug.h(21,1): warning C4005: '_CRT_SECURE_NO_WARNINGS': macro redefinition
C:\Users\chuyz\Desktop\Github\YoYoExtensions\Epic Online Services\json-c-0.9\arraylist.c : message : see previous definition of '_CRT_SECURE_NO_WARNINGS'
  debug.c
C:\Users\chuyz\Desktop\Github\YoYoExtensions\Epic Online Services\json-c-0.9\debug.h(21,1): warning C4005: '_CRT_SECURE_NO_WARNINGS': macro redefinition
C:\Users\chuyz\Desktop\Github\YoYoExtensions\Epic Online Services\json-c-0.9\debug.c : message : see previous definition of '_CRT_SECURE_NO_WARNINGS'
  json_object.c
C:\Users\chuyz\Desktop\Github\YoYoExtensions\Epic Online Services\json-c-0.9\debug.h(21,1): warning C4005: '_CRT_SECURE_NO_WARNINGS': macro redefinition
C:\Users\chuyz\Desktop\Github\YoYoExtensions\Epic Online Services\json-c-0.9\json_object.c : message : see previous definition of '_CRT_SECURE_NO_WARNINGS'
  json_tokener.c
C:\Users\chuyz\Desktop\Github\YoYoExtensions\Epic Online Services\json-c-0.9\debug.h(21,1): warning C4005: '_CRT_SECURE_NO_WARNINGS': macro redefinition
C:\Users\chuyz\Desktop\Github\YoYoExtensions\Epic Online Services\json-c-0.9\json_tokener.c : message : see previous definition of '_CRT_SECURE_NO_WARNINGS'
  json_util.c
C:\Users\chuyz\Desktop\Github\YoYoExtensions\Epic Online Services\json-c-0.9\debug.h(21,1): warning C4005: '_CRT_SECURE_NO_WARNINGS': macro redefinition
C:\Users\chuyz\Desktop\Github\YoYoExtensions\Epic Online Services\json-c-0.9\json_util.c : message : see previous definition of '_CRT_SECURE_NO_WARNINGS'
  linkhash.c
C:\Users\chuyz\Desktop\Github\YoYoExtensions\Epic Online Services\json-c-0.9\debug.h(21,1): warning C4005: '_CRT_SECURE_NO_WARNINGS': macro redefinition
C:\Users\chuyz\Desktop\Github\YoYoExtensions\Epic Online Services\json-c-0.9\linkhash.c : message : see previous definition of '_CRT_SECURE_NO_WARNINGS'
  printbuf.c
C:\Users\chuyz\Desktop\Github\YoYoExtensions\Epic Online Services\json-c-0.9\debug.h(21,1): warning C4005: '_CRT_SECURE_NO_WARNINGS': macro redefinition
C:\Users\chuyz\Desktop\Github\YoYoExtensions\Epic Online Services\json-c-0.9\printbuf.c : message : see previous definition of '_CRT_SECURE_NO_WARNINGS'
  dllmain.cpp
  YYEOS_ExeTest.cpp
  YYEOS_Friends.cpp
  YYEOS_ProgressionSnapshot.cpp
C:\Users\chuyz\Desktop\Github\YoYoExtensions\Epic Online Services\VS_Project\EpicOnlineServices\YYEOS_ProgressionSnapshot.cpp(85,11): warning C4101: 'OutSnapshotId': unreferenced local variable
  YYEOS_Presence.cpp
  YYEOS_Auth.cpp
C:\Users\chuyz\Desktop\Github\YoYoExtensions\Epic Online Services\VS_Project\EpicOnlineServices\YYEOS_Auth.cpp(379,49): warning C4244: 'argument': conversion from 'double' to 'EOS_NotificationId', possible loss of data
  YYEOS_Achievements.cpp
C:\Users\chuyz\Desktop\Github\YoYoExtensions\Epic Online Services\VS_Project\EpicOnlineServices\YYEOS_Achievements.cpp(52,15): warning C4244: '=': conversion from 'EOS_NotificationId' to 'double', possible loss of data
C:\Users\chuyz\Desktop\Github\YoYoExtensions\Epic Online Services\VS_Project\EpicOnlineServices\YYEOS_Achievements.cpp(224,41): warning C4244: '=': conversion from 'double' to 'uint32_t', possible loss of data
  YYEOS_CustomInvites.cpp
  YYEOS_Connect.cpp
C:\Users\chuyz\Desktop\Github\YoYoExtensions\Epic Online Services\VS_Project\EpicOnlineServices\YYEOS_Connect.cpp(136,66): warning C4244: 'argument': conversion from 'int64_t' to 'double', possible loss of data
C:\Users\chuyz\Desktop\Github\YoYoExtensions\Epic Online Services\VS_Project\EpicOnlineServices\YYEOS_Connect.cpp(148,66): warning C4244: 'argument': conversion from 'int64_t' to 'double', possible loss of data
C:\Users\chuyz\Desktop\Github\YoYoExtensions\Epic Online Services\VS_Project\EpicOnlineServices\YYEOS_Connect.cpp(200,37): warning C4244: '=': conversion from 'double' to 'uint32_t', possible loss of data
  YYEOS_Leaderboards.cpp
C:\Users\chuyz\Desktop\Github\YoYoExtensions\Epic Online Services\VS_Project\EpicOnlineServices\YYEOS_Leaderboards.cpp(46,54): warning C4244: 'argument': conversion from 'int64_t' to 'double', possible loss of data
C:\Users\chuyz\Desktop\Github\YoYoExtensions\Epic Online Services\VS_Project\EpicOnlineServices\YYEOS_Leaderboards.cpp(49,52): warning C4244: 'argument': conversion from 'int64_t' to 'double', possible loss of data
C:\Users\chuyz\Desktop\Github\YoYoExtensions\Epic Online Services\VS_Project\EpicOnlineServices\YYEOS_Leaderboards.cpp(64,33): warning C4244: '=': conversion from 'double' to 'uint32_t', possible loss of data
C:\Users\chuyz\Desktop\Github\YoYoExtensions\Epic Online Services\VS_Project\EpicOnlineServices\YYEOS_Leaderboards.cpp(128,39): warning C4244: '=': conversion from 'double' to 'uint32_t', possible loss of data
C:\Users\chuyz\Desktop\Github\YoYoExtensions\Epic Online Services\VS_Project\EpicOnlineServices\YYEOS_Leaderboards.cpp(189,42): warning C4244: '=': conversion from 'double' to 'uint32_t', possible loss of data
  YYEOS_Lobbies.cpp
  YYEOS_UI.cpp
C:\Users\chuyz\Desktop\Github\YoYoExtensions\Epic Online Services\VS_Project\EpicOnlineServices\YYEOS_UI.cpp(147,23): warning C4244: 'initializing': conversion from 'double' to 'int64', possible loss of data
  YYEOS_UserInfo.cpp
C:\Users\chuyz\Desktop\Github\YoYoExtensions\Epic Online Services\json-c-0.9\debug.h(21,1): warning C4005: '_CRT_SECURE_NO_WARNINGS': macro redefinition
C:\Users\chuyz\Desktop\Github\YoYoExtensions\Epic Online Services\VS_Project\EpicOnlineServices\YYEOS_UserInfo.cpp : message : see previous definition of '_CRT_SECURE_NO_WARNINGS'
C:\Users\chuyz\Desktop\Github\YoYoExtensions\Epic Online Services\VS_Project\EpicOnlineServices\YYEOS_UserInfo.cpp(102,34): warning C4244: '=': conversion from 'double' to 'uint32_t', possible loss of data
  YYEOS_Metrics.cpp
  YYEOS_P2P.cpp
  YYEOS_Platform.cpp
C:\Users\chuyz\Desktop\Github\YoYoExtensions\Epic Online Services\json-c-0.9\debug.h(21,1): warning C4005: '_CRT_SECURE_NO_WARNINGS': macro redefinition
C:\Users\chuyz\Desktop\Github\YoYoExtensions\Epic Online Services\VS_Project\EpicOnlineServices\YYEOS_Platform.cpp : message : see previous definition of '_CRT_SECURE_NO_WARNINGS'
  YYEOS_PlayerDataStorage.cpp
C:\Users\chuyz\Desktop\Github\YoYoExtensions\Epic Online Services\VS_Project\EpicOnlineServices\YYEOS_PlayerDataStorage.cpp(55,54): warning C4244: 'argument': conversion from 'int64_t' to 'double', possible loss of data
C:\Users\chuyz\Desktop\Github\YoYoExtensions\Epic Online Services\VS_Project\EpicOnlineServices\YYEOS_PlayerDataStorage.cpp(66,12): warning C4244: 'initializing': conversion from 'double' to 'int', possible loss of data
C:\Users\chuyz\Desktop\Github\YoYoExtensions\Epic Online Services\VS_Project\EpicOnlineServices\YYEOS_PlayerDataStorage.cpp(493,46): warning C4244: 'argument': conversion from 'std::streamoff' to 'const unsigned int', possible loss of data
  YYEOS_Reports.cpp
  YYEOS_Sanctions.cpp
C:\Users\chuyz\Desktop\Github\YoYoExtensions\Epic Online Services\VS_Project\EpicOnlineServices\YYEOS_Sanctions.cpp(37,55): warning C4244: 'argument': conversion from 'int64_t' to 'double', possible loss of data
C:\Users\chuyz\Desktop\Github\YoYoExtensions\Epic Online Services\VS_Project\EpicOnlineServices\YYEOS_Sanctions.cpp(38,54): warning C4244: 'argument': conversion from 'int64_t' to 'double', possible loss of data
  YYEOS_Sessions.cpp
  Compiling...
  YYEOS_Stats.cpp
C:\Users\chuyz\Desktop\Github\YoYoExtensions\Epic Online Services\VS_Project\EpicOnlineServices\YYEOS_Stats.cpp(37,47): warning C4244: 'argument': conversion from 'int64_t' to 'double', possible loss of data
C:\Users\chuyz\Desktop\Github\YoYoExtensions\Epic Online Services\VS_Project\EpicOnlineServices\YYEOS_Stats.cpp(40,45): warning C4244: 'argument': conversion from 'int64_t' to 'double', possible loss of data
C:\Users\chuyz\Desktop\Github\YoYoExtensions\Epic Online Services\VS_Project\EpicOnlineServices\YYEOS_Stats.cpp(156,18): warning C4244: 'initializing': conversion from 'double' to 'int64', possible loss of data
C:\Users\chuyz\Desktop\Github\YoYoExtensions\Epic Online Services\VS_Project\EpicOnlineServices\YYEOS_Stats.cpp(157,16): warning C4244: 'initializing': conversion from 'double' to 'int64', possible loss of data
  YYEOS_TitleStorage.cpp
C:\Users\chuyz\Desktop\Github\YoYoExtensions\Epic Online Services\VS_Project\EpicOnlineServices\YYEOS_TitleStorage.cpp(61,12): warning C4244: 'initializing': conversion from 'double' to 'int', possible loss of data
  YYEOS.cpp
     Creating library ..\..\GM_Project\EpicOnlineServices\extensions\EpicOnlineServices\EpicOnlineServices.lib and object ..\..\GM_Project\EpicOnlineServices\extensions\EpicOnlineServices\EpicOnlineServices.exp
  Generating code
  Previous IPDB not found, fall back to full compilation.
  All 959 functions were compiled because no usable IPDB/IOBJ from previous compilation was found.
  Finished generating code
  EpicOnlineServices.vcxproj -> C:\Users\chuyz\Desktop\Github\YoYoExtensions\Epic Online Services\GM_Project\EpicOnlineServices\extensions\EpicOnlineServices\EpicOnlineServices.dll
